0 info it worked if it ends with ok
1 verbose cli [ '/usr/bin/node', '/usr/bin/npm', 'install', 'jsx-transform' ]
2 info using npm@1.4.14
3 info using node@v0.10.29
4 verbose node symlink /usr/bin/node
5 verbose readDependencies using package.json deps
6 verbose cache add [ 'jsx-transform', null ]
7 verbose cache add name=undefined spec="jsx-transform" args=["jsx-transform",null]
8 verbose parsed url { protocol: null,
8 verbose parsed url   slashes: null,
8 verbose parsed url   auth: null,
8 verbose parsed url   host: null,
8 verbose parsed url   port: null,
8 verbose parsed url   hostname: null,
8 verbose parsed url   hash: null,
8 verbose parsed url   search: null,
8 verbose parsed url   query: null,
8 verbose parsed url   pathname: 'jsx-transform',
8 verbose parsed url   path: 'jsx-transform',
8 verbose parsed url   href: 'jsx-transform' }
9 silly lockFile c097c5df-jsx-transform jsx-transform
10 verbose lock jsx-transform /home/rob/.npm/c097c5df-jsx-transform.lock
11 silly lockFile c097c5df-jsx-transform jsx-transform
12 silly lockFile c097c5df-jsx-transform jsx-transform
13 verbose addNamed [ 'jsx-transform', '' ]
14 verbose addNamed [ null, '*' ]
15 silly lockFile f1109ceb-jsx-transform jsx-transform@
16 verbose lock jsx-transform@ /home/rob/.npm/f1109ceb-jsx-transform.lock
17 silly addNameRange { name: 'jsx-transform', range: '*', hasData: false }
18 verbose url raw jsx-transform
19 verbose url resolving [ 'https://registry.npmjs.org/', './jsx-transform' ]
20 verbose url resolved https://registry.npmjs.org/jsx-transform
21 info trying registry request attempt 1 at 08:15:04
22 verbose etag "9135W0PNPHQGISOCKQWENYC2T"
23 http GET https://registry.npmjs.org/jsx-transform
24 http 304 https://registry.npmjs.org/jsx-transform
25 silly registry.get cb [ 304,
25 silly registry.get   { date: 'Mon, 02 Mar 2015 08:15:10 GMT',
25 silly registry.get     server: 'Apache',
25 silly registry.get     via: '1.1 varnish',
25 silly registry.get     'last-modified': 'Mon, 02 Mar 2015 08:15:10 GMT',
25 silly registry.get     'cache-control': 'max-age=60',
25 silly registry.get     etag: '"9135W0PNPHQGISOCKQWENYC2T"',
25 silly registry.get     age: '0',
25 silly registry.get     'x-served-by': 'cache-fra1238-FRA',
25 silly registry.get     'x-cache': 'MISS',
25 silly registry.get     'x-cache-hits': '0',
25 silly registry.get     'x-timer': 'S1425284110.060087,VS0,VE200',
25 silly registry.get     vary: 'Accept',
25 silly registry.get     'content-length': '0',
25 silly registry.get     'keep-alive': 'timeout=10, max=50',
25 silly registry.get     connection: 'Keep-Alive' } ]
26 verbose etag jsx-transform from cache
27 silly addNameRange number 2 { name: 'jsx-transform', range: '*', hasData: true }
28 silly addNameRange versions [ 'jsx-transform',
28 silly addNameRange   [ '0.4.0',
28 silly addNameRange     '0.5.0',
28 silly addNameRange     '0.6.0',
28 silly addNameRange     '0.8.0',
28 silly addNameRange     '0.9.0',
28 silly addNameRange     '0.10.0',
28 silly addNameRange     '0.10.1',
28 silly addNameRange     '0.11.0',
28 silly addNameRange     '0.11.1',
28 silly addNameRange     '0.11.2' ] ]
29 verbose addNamed [ 'jsx-transform', '0.11.2' ]
30 verbose addNamed [ '0.11.2', '0.11.2' ]
31 silly lockFile 88f02685-jsx-transform-0-11-2 jsx-transform@0.11.2
32 verbose lock jsx-transform@0.11.2 /home/rob/.npm/88f02685-jsx-transform-0-11-2.lock
33 silly lockFile 88f02685-jsx-transform-0-11-2 jsx-transform@0.11.2
34 silly lockFile 88f02685-jsx-transform-0-11-2 jsx-transform@0.11.2
35 silly lockFile f1109ceb-jsx-transform jsx-transform@
36 silly lockFile f1109ceb-jsx-transform jsx-transform@
37 error Error: EACCES, open '/home/rob/.npm/jsx-transform/0.11.2/package/package.json'
37 error  { [Error: EACCES, open '/home/rob/.npm/jsx-transform/0.11.2/package/package.json']
37 error   errno: 3,
37 error   code: 'EACCES',
37 error   path: '/home/rob/.npm/jsx-transform/0.11.2/package/package.json',
37 error   parent: 'elections-2015' }
38 error Please try running this command again as root/Administrator.
39 error System Linux 3.11.0-26-generic
40 error command "/usr/bin/node" "/usr/bin/npm" "install" "jsx-transform"
41 error cwd /home/rob/Documents/caspar-graphics/elections-2015
42 error node -v v0.10.29
43 error npm -v 1.4.14
44 error path /home/rob/.npm/jsx-transform/0.11.2/package/package.json
45 error code EACCES
46 error errno 3
47 error stack Error: EACCES, open '/home/rob/.npm/jsx-transform/0.11.2/package/package.json'
48 verbose exit [ 3, true ]
